<?xml version="1.0" encoding="UTF-8"?>
<testsuite name="com.fastcampus.fastcampusprojectboard.FastCampusProjectBoardApplicationTests" tests="1" skipped="0" failures="0" errors="0" timestamp="2024-01-21T10:31:03" hostname="DESKTOP-BLFKIEO" time="1.223">
  <properties/>
  <testcase name="contextLoads()" classname="com.fastcampus.fastcampusprojectboard.FastCampusProjectBoardApplicationTests" time="1.223"/>
  <system-out><![CDATA[19:31:00.692 [Test worker] INFO org.springframework.test.context.support.AnnotationConfigContextLoaderUtils -- Could not detect default configuration classes for test class [com.fastcampus.fastcampusprojectboard.FastCampusProjectBoardApplicationTests]: FastCampusProjectBoardApplicationTests does not declare any static, non-private, non-final, nested classes annotated with @Configuration.
19:31:00.839 [Test worker] INFO org.springframework.boot.test.context.SpringBootTestContextBootstrapper -- Found @SpringBootConfiguration com.fastcampus.fastcampusprojectboard.FastCampusProjectBoardApplication for test class com.fastcampus.fastcampusprojectboard.FastCampusProjectBoardApplicationTests

  .   ____          _            __ _ _
 /\\ / ___'_ __ _ _(_)_ __  __ _ \ \ \ \
( ( )\___ | '_ | '_| | '_ \/ _` | \ \ \ \
 \\/  ___)| |_)| | | | | || (_| |  ) ) ) )
  '  |____| .__|_| |_|_| |_\__, | / / / /
 =========|_|==============|___/=/_/_/_/
 :: Spring Boot ::                (v3.2.2)

2024-01-21T19:31:01.384+09:00  INFO 19168 --- [    Test worker] f.FastCampusProjectBoardApplicationTests : Starting FastCampusProjectBoardApplicationTests using Java 17.0.9 with PID 19168 (started by Seongjae in C:\Users\Seongjae\Desktop\Programming\study\fast-campus-project-board)
2024-01-21T19:31:01.385+09:00  INFO 19168 --- [    Test worker] f.FastCampusProjectBoardApplicationTests : No active profile set, falling back to 1 default profile: "default"
2024-01-21T19:31:03.478+09:00  INFO 19168 --- [    Test worker] o.s.b.a.e.web.EndpointLinksResolver      : Exposing 1 endpoint(s) beneath base path '/actuator'
2024-01-21T19:31:03.548+09:00  INFO 19168 --- [    Test worker] f.FastCampusProjectBoardApplicationTests : Started FastCampusProjectBoardApplicationTests in 2.454 seconds (process running for 4.331)
]]></system-out>
  <system-err><![CDATA[]]></system-err>
</testsuite>
